<?xml version="1.0" encoding="UTF-8" standalone="no"?>
<testsuite errors="0" failures="0" name="io.cucumber.core.plugin.JUnitFormatter" skipped="0" tests="2" time="23.071">
    <testcase classname="Functional testing" name="User retrieves accounts from Justo Bank" time="11.32">
        <system-out><![CDATA[Given user gets authentication token for Neonomics platform.................passed
Then user retrieves bank ID for "Justo Bank"................................passed
Then user "create" session for "Justo Bank".................................passed
And user validates session status for "Justo Bank"..........................passed
Then user checks for "Justo Bank" consent and "Accept" if required provided redirect URL as "".passed
And user fetches all accounts from "Justo Bank".............................passed
Then user "delete" session for "Justo Bank".................................passed
]]></system-out>
    </testcase>
    <testcase classname="Functional testing" name="User initiates payment and transfer money to another user in another bank" time="11.575">
        <system-out><![CDATA[Given user gets authentication token for Neonomics platform.................passed
Then user retrieves bank ID for "Justo Bank"................................passed
Then user "create" session for "Justo Bank".................................passed
And user validates session status for "Justo Bank"..........................passed
Then user retrieves bank ID for "Hizonti Bank"..............................passed
Then user "create" session for "Hizonti Bank"...............................passed
And user validates session status for "Hizonti Bank"........................passed
Then user checks for "Justo Bank" consent and "Accept" if required provided redirect URL as "".passed
Then user checks for "Hizonti Bank" consent and "Accept" if required provided redirect URL as "".passed
Then user transfer amount of "5" "EUR" from "Justo Bank" bank account "IBAN" "NO6404948998640" to "Hizonti Bank" bank account "NO4313081115656" with "sepa-credit" payment method.passed
And user validates payment request is initiated.............................passed
Then user authorizes the the payment and obtains authorization URL..........passed
Then user authorizes process using authorization URL........................passed
Then user "delete" session for "Justo Bank".................................passed
Then user "delete" session for "Hizonti Bank"...............................passed
]]></system-out>
    </testcase>
</testsuite>
