<?xml version="1.0" encoding="UTF-8" standalone="no"?>
<testsuite errors="0" failures="0" name="io.cucumber.core.plugin.JUnitFormatter" skipped="0" tests="1" time="30.485">
    <testcase classname="Functional testing" name="User retrives account details for a customer and transfer money to another user" time="30.32">
        <system-out><![CDATA[Given user gets authetication token for Neonomics platform..................passed
Then user retrieves bank ID for "Justo Bank"................................passed
Then user "create" session for "Justo Bank".................................passed
And user validates session status for "Justo Bank"..........................passed
Then user retrieves bank ID for "Hizonti Bank"..............................passed
Then user "create" session for "Hizonti Bank"...............................passed
And user validates session status for "Hizonti Bank"........................passed
Then user checks for "Justo Bank" consent and "Accept" if required provided redirect URL as "".passed
Then user checks for "Hizonti Bank" consent and "Accept" if required provided redirect URL as "".passed
Then user transfer amount of "5" "EUR" from "Justo Bank" bank account "IABN" "NO6404948998640" to "Hizonti Bank" bank account "NO4313081115656" with "sepa-credit" payment method.passed
And user validates payment request is initiated.............................passed
Then user authorizes the the payment and obtains authorization URL..........passed
Then user authorizes process using authorization URL........................passed
]]></system-out>
    </testcase>
</testsuite>
