<?xml version="1.0" encoding="UTF-8" standalone="no"?>
<testsuite errors="0" failures="1" name="io.cucumber.core.plugin.JUnitFormatter" skipped="0" tests="5" time="3.647">
    <testcase classname="API testing" name="Verify that Auth token API works for various combinations" time="1.793">
        <failure message="expected [200] but found [510]" type="java.lang.AssertionError"><![CDATA[Given user sets base URI and sets endpoint path as "/auth/realms/sandbox/protocol/openid-connect/token".passed
Then user sets "Content-Type" as "application/x-www-form-urlencoded" as header.passed
And user sets body params for "grant_type" as "client_credentials"..........passed
And user sets body params for "client_id" as "valid"........................passed
And user sets body params for "client_secret" as "valid"....................passed
When user makes "POST" request to endpoint..................................passed
Then user validates status code as 200......................................failed
Then user validates that API should work for "Authorization" as "true"......skipped

StackTrace:
java.lang.AssertionError: expected [200] but found [510]
	at org.testng.Assert.fail(Assert.java:99)
	at org.testng.Assert.failNotEquals(Assert.java:1037)
	at org.testng.Assert.assertEqualsImpl(Assert.java:140)
	at org.testng.Assert.assertEquals(Assert.java:122)
	at org.testng.Assert.assertEquals(Assert.java:907)
	at org.testng.Assert.assertEquals(Assert.java:917)
	at stepDefinition.StepDefinitions_API_Test.user_validates_status_code_as(StepDefinitions_API_Test.java:125)
	at ✽.user validates status code as 200(file:///D:/Frameworks/API%20TestFrame/src/test/java/featureFiles/API_Tests.feature:11)
]]></failure>
    </testcase>
    <testcase classname="API testing" name="Verify that Auth token API works for various combinations 2" time="0.382">
        <system-out><![CDATA[Given user sets base URI and sets endpoint path as "/auth/realms/sandbox/protocol/openid-connect/token".passed
Then user sets "Content-Type" as "application/json" as header...............passed
And user sets body params for "grant_type" as "client_credentials"..........passed
And user sets body params for "client_id" as "valid"........................passed
And user sets body params for "client_secret" as "valid"....................passed
When user makes "POST" request to endpoint..................................passed
Then user validates status code as 510......................................passed
Then user validates that API should work for "Authorization" as "false".....passed
]]></system-out>
    </testcase>
    <testcase classname="API testing" name="Verify that Auth token API works for various combinations 3" time="0.419">
        <system-out><![CDATA[Given user sets base URI and sets endpoint path as "/auth/realms/sandbox/protocol/openid-connect/token".passed
Then user sets "Content-Type" as "application/x-www-form-urlencoded" as header.passed
And user sets body params for "grant_type" as "authorization_code"..........passed
And user sets body params for "client_id" as "valid"........................passed
And user sets body params for "client_secret" as "valid"....................passed
When user makes "POST" request to endpoint..................................passed
Then user validates status code as 510......................................passed
Then user validates that API should work for "Authorization" as "false".....passed
]]></system-out>
    </testcase>
    <testcase classname="API testing" name="Verify that Auth token API works for various combinations 4" time="0.407">
        <system-out><![CDATA[Given user sets base URI and sets endpoint path as "/auth/realms/sandbox/protocol/openid-connect/token".passed
Then user sets "Content-Type" as "application/x-www-form-urlencoded" as header.passed
And user sets body params for "grant_type" as "client_credentials"..........passed
And user sets body params for "client_id" as "invalid"......................passed
And user sets body params for "client_secret" as "valid"....................passed
When user makes "POST" request to endpoint..................................passed
Then user validates status code as 510......................................passed
Then user validates that API should work for "Authorization" as "false".....passed
]]></system-out>
    </testcase>
    <testcase classname="API testing" name="Verify that Auth token API works for various combinations 5" time="0.397">
        <system-out><![CDATA[Given user sets base URI and sets endpoint path as "/auth/realms/sandbox/protocol/openid-connect/token".passed
Then user sets "Content-Type" as "application/json" as header...............passed
And user sets body params for "grant_type" as "client_credentials"..........passed
And user sets body params for "client_id" as "valid"........................passed
And user sets body params for "client_secret" as "invalid"..................passed
When user makes "POST" request to endpoint..................................passed
Then user validates status code as 510......................................passed
Then user validates that API should work for "Authorization" as "false".....passed
]]></system-out>
    </testcase>
</testsuite>
