<?xml version="1.0" encoding="UTF-8" standalone="no"?>
<testng-results failed="0" passed="2" skipped="0" total="2">
    <suite duration-ms="33444" name="io.cucumber.core.plugin.TestNGFormatter">
        <test duration-ms="33444" name="io.cucumber.core.plugin.TestNGFormatter">
            <class name="Functional testing">
                <test-method duration-ms="15326" finished-at="2021-07-24T12:14:19.824104400Z" name="User retrieves accounts from Justo Bank" started-at="2021-07-24T12:14:04.480701900Z" status="PASS"/>
                <test-method duration-ms="17889" finished-at="2021-07-24T12:14:37.738273800Z" name="User initiates payment and transfer money to another user in another bank" started-at="2021-07-24T12:14:19.841103700Z" status="PASS"/>
            </class>
        </test>
    </suite>
</testng-results>
