<?xml version="1.0" encoding="UTF-8"?>
<testng-results ignored="0" total="1" passed="1" failed="0" skipped="0">
  <reporter-output>
  </reporter-output>
  <suite started-at="2021-09-30T10:03:22 CEST" name="Default suite" finished-at="2021-09-30T10:03:27 CEST" duration-ms="4991">
    <groups>
    </groups>
    <test started-at="2021-09-30T10:03:22 CEST" name="Default test" finished-at="2021-09-30T10:03:27 CEST" duration-ms="4991">
      <class name="com.test.Test">
        <test-method signature="testSelenium()[pri:0, instance:com.test.Test@708f5957]" started-at="2021-09-30T10:03:22 CEST" name="testSelenium" finished-at="2021-09-30T10:03:27 CEST" duration-ms="4960" status="PASS">
          <reporter-output>
          </reporter-output>
        </test-method> <!-- testSelenium -->
      </class> <!-- com.test.Test -->
    </test> <!-- Default test -->
  </suite> <!-- Default suite -->
</testng-results>
